[20-Dec-2025 06:10:13 UTC] PHP Warning:  require(/home/indegnnk/task.emphxs.com/wp-blog-header.php): Failed to open stream: No such file or directory in /home/indegnnk/task.emphxs.com/index.php on line 2
[20-Dec-2025 06:10:13 UTC] PHP Fatal error:  Uncaught Error: Failed opening required '/home/indegnnk/task.emphxs.com/wp-blog-header.php' (include_path='.:/opt/cpanel/ea-php83/root/usr/share/pear') in /home/indegnnk/task.emphxs.com/index.php:2
Stack trace:
#0 {main}
  thrown in /home/indegnnk/task.emphxs.com/index.php on line 2
[20-Dec-2025 06:54:07 UTC] PHP Warning:  require(/home/indegnnk/task.emphxs.com/wp-blog-header.php): Failed to open stream: No such file or directory in /home/indegnnk/task.emphxs.com/index.php on line 2
[20-Dec-2025 06:54:07 UTC] PHP Fatal error:  Uncaught Error: Failed opening required '/home/indegnnk/task.emphxs.com/wp-blog-header.php' (include_path='.:/opt/cpanel/ea-php83/root/usr/share/pear') in /home/indegnnk/task.emphxs.com/index.php:2
Stack trace:
#0 {main}
  thrown in /home/indegnnk/task.emphxs.com/index.php on line 2
[20-Dec-2025 07:45:20 UTC] PHP Warning:  require(/home/indegnnk/task.emphxs.com/wp-blog-header.php): Failed to open stream: No such file or directory in /home/indegnnk/task.emphxs.com/index.php on line 2
[20-Dec-2025 07:45:20 UTC] PHP Fatal error:  Uncaught Error: Failed opening required '/home/indegnnk/task.emphxs.com/wp-blog-header.php' (include_path='.:/opt/cpanel/ea-php83/root/usr/share/pear') in /home/indegnnk/task.emphxs.com/index.php:2
Stack trace:
#0 {main}
  thrown in /home/indegnnk/task.emphxs.com/index.php on line 2
[20-Dec-2025 07:52:32 UTC] PHP Warning:  require(/home/indegnnk/task.emphxs.com/wp-blog-header.php): Failed to open stream: No such file or directory in /home/indegnnk/task.emphxs.com/index.php on line 2
[20-Dec-2025 07:52:32 UTC] PHP Fatal error:  Uncaught Error: Failed opening required '/home/indegnnk/task.emphxs.com/wp-blog-header.php' (include_path='.:/opt/cpanel/ea-php83/root/usr/share/pear') in /home/indegnnk/task.emphxs.com/index.php:2
Stack trace:
#0 {main}
  thrown in /home/indegnnk/task.emphxs.com/index.php on line 2
[20-Dec-2025 08:08:51 UTC] PHP Warning:  require(/home/indegnnk/task.emphxs.com/wp-blog-header.php): Failed to open stream: No such file or directory in /home/indegnnk/task.emphxs.com/index.php on line 2
[20-Dec-2025 08:08:51 UTC] PHP Fatal error:  Uncaught Error: Failed opening required '/home/indegnnk/task.emphxs.com/wp-blog-header.php' (include_path='.:/opt/cpanel/ea-php83/root/usr/share/pear') in /home/indegnnk/task.emphxs.com/index.php:2
Stack trace:
#0 {main}
  thrown in /home/indegnnk/task.emphxs.com/index.php on line 2
[20-Dec-2025 08:27:30 UTC] PHP Warning:  require(/home/indegnnk/task.emphxs.com/wp-blog-header.php): Failed to open stream: No such file or directory in /home/indegnnk/task.emphxs.com/index.php on line 2
[20-Dec-2025 08:27:30 UTC] PHP Fatal error:  Uncaught Error: Failed opening required '/home/indegnnk/task.emphxs.com/wp-blog-header.php' (include_path='.:/opt/cpanel/ea-php83/root/usr/share/pear') in /home/indegnnk/task.emphxs.com/index.php:2
Stack trace:
#0 {main}
  thrown in /home/indegnnk/task.emphxs.com/index.php on line 2
[20-Dec-2025 08:27:30 UTC] PHP Warning:  require(/home/indegnnk/task.emphxs.com/wp-blog-header.php): Failed to open stream: No such file or directory in /home/indegnnk/task.emphxs.com/index.php on line 2
[20-Dec-2025 08:27:30 UTC] PHP Fatal error:  Uncaught Error: Failed opening required '/home/indegnnk/task.emphxs.com/wp-blog-header.php' (include_path='.:/opt/cpanel/ea-php83/root/usr/share/pear') in /home/indegnnk/task.emphxs.com/index.php:2
Stack trace:
#0 {main}
  thrown in /home/indegnnk/task.emphxs.com/index.php on line 2
[20-Dec-2025 08:27:31 UTC] PHP Warning:  require(/home/indegnnk/task.emphxs.com/wp-blog-header.php): Failed to open stream: No such file or directory in /home/indegnnk/task.emphxs.com/index.php on line 2
[20-Dec-2025 08:27:31 UTC] PHP Fatal error:  Uncaught Error: Failed opening required '/home/indegnnk/task.emphxs.com/wp-blog-header.php' (include_path='.:/opt/cpanel/ea-php83/root/usr/share/pear') in /home/indegnnk/task.emphxs.com/index.php:2
Stack trace:
#0 {main}
  thrown in /home/indegnnk/task.emphxs.com/index.php on line 2
[20-Dec-2025 10:02:21 UTC] PHP Warning:  require(/home/indegnnk/task.emphxs.com/wp-blog-header.php): Failed to open stream: No such file or directory in /home/indegnnk/task.emphxs.com/index.php on line 2
[20-Dec-2025 10:02:21 UTC] PHP Fatal error:  Uncaught Error: Failed opening required '/home/indegnnk/task.emphxs.com/wp-blog-header.php' (include_path='.:/opt/cpanel/ea-php83/root/usr/share/pear') in /home/indegnnk/task.emphxs.com/index.php:2
Stack trace:
#0 {main}
  thrown in /home/indegnnk/task.emphxs.com/index.php on line 2
[20-Dec-2025 11:05:40 UTC] PHP Warning:  require(/home/indegnnk/task.emphxs.com/wp-blog-header.php): Failed to open stream: No such file or directory in /home/indegnnk/task.emphxs.com/index.php on line 2
[20-Dec-2025 11:05:40 UTC] PHP Fatal error:  Uncaught Error: Failed opening required '/home/indegnnk/task.emphxs.com/wp-blog-header.php' (include_path='.:/opt/cpanel/ea-php83/root/usr/share/pear') in /home/indegnnk/task.emphxs.com/index.php:2
Stack trace:
#0 {main}
  thrown in /home/indegnnk/task.emphxs.com/index.php on line 2
[20-Dec-2025 12:53:33 UTC] PHP Warning:  require(/home/indegnnk/task.emphxs.com/wp-blog-header.php): Failed to open stream: No such file or directory in /home/indegnnk/task.emphxs.com/index.php on line 2
[20-Dec-2025 12:53:33 UTC] PHP Fatal error:  Uncaught Error: Failed opening required '/home/indegnnk/task.emphxs.com/wp-blog-header.php' (include_path='.:/opt/cpanel/ea-php83/root/usr/share/pear') in /home/indegnnk/task.emphxs.com/index.php:2
Stack trace:
#0 {main}
  thrown in /home/indegnnk/task.emphxs.com/index.php on line 2
[20-Dec-2025 13:01:45 UTC] PHP Warning:  require(/home/indegnnk/task.emphxs.com/wp-blog-header.php): Failed to open stream: No such file or directory in /home/indegnnk/task.emphxs.com/index.php on line 2
[20-Dec-2025 13:01:45 UTC] PHP Fatal error:  Uncaught Error: Failed opening required '/home/indegnnk/task.emphxs.com/wp-blog-header.php' (include_path='.:/opt/cpanel/ea-php83/root/usr/share/pear') in /home/indegnnk/task.emphxs.com/index.php:2
Stack trace:
#0 {main}
  thrown in /home/indegnnk/task.emphxs.com/index.php on line 2
[20-Dec-2025 13:01:46 UTC] PHP Warning:  require(/home/indegnnk/task.emphxs.com/wp-blog-header.php): Failed to open stream: No such file or directory in /home/indegnnk/task.emphxs.com/index.php on line 2
[20-Dec-2025 13:01:46 UTC] PHP Fatal error:  Uncaught Error: Failed opening required '/home/indegnnk/task.emphxs.com/wp-blog-header.php' (include_path='.:/opt/cpanel/ea-php83/root/usr/share/pear') in /home/indegnnk/task.emphxs.com/index.php:2
Stack trace:
#0 {main}
  thrown in /home/indegnnk/task.emphxs.com/index.php on line 2
[20-Dec-2025 13:01:46 UTC] PHP Warning:  require(/home/indegnnk/task.emphxs.com/wp-blog-header.php): Failed to open stream: No such file or directory in /home/indegnnk/task.emphxs.com/index.php on line 2
[20-Dec-2025 13:01:46 UTC] PHP Fatal error:  Uncaught Error: Failed opening required '/home/indegnnk/task.emphxs.com/wp-blog-header.php' (include_path='.:/opt/cpanel/ea-php83/root/usr/share/pear') in /home/indegnnk/task.emphxs.com/index.php:2
Stack trace:
#0 {main}
  thrown in /home/indegnnk/task.emphxs.com/index.php on line 2
[20-Dec-2025 13:01:46 UTC] PHP Warning:  require(/home/indegnnk/task.emphxs.com/wp-blog-header.php): Failed to open stream: No such file or directory in /home/indegnnk/task.emphxs.com/index.php on line 2
[20-Dec-2025 13:01:46 UTC] PHP Fatal error:  Uncaught Error: Failed opening required '/home/indegnnk/task.emphxs.com/wp-blog-header.php' (include_path='.:/opt/cpanel/ea-php83/root/usr/share/pear') in /home/indegnnk/task.emphxs.com/index.php:2
Stack trace:
#0 {main}
  thrown in /home/indegnnk/task.emphxs.com/index.php on line 2
[20-Dec-2025 13:01:47 UTC] PHP Warning:  require(/home/indegnnk/task.emphxs.com/wp-blog-header.php): Failed to open stream: No such file or directory in /home/indegnnk/task.emphxs.com/index.php on line 2
[20-Dec-2025 13:01:47 UTC] PHP Fatal error:  Uncaught Error: Failed opening required '/home/indegnnk/task.emphxs.com/wp-blog-header.php' (include_path='.:/opt/cpanel/ea-php83/root/usr/share/pear') in /home/indegnnk/task.emphxs.com/index.php:2
Stack trace:
#0 {main}
  thrown in /home/indegnnk/task.emphxs.com/index.php on line 2
[20-Dec-2025 13:11:07 UTC] PHP Warning:  require(/home/indegnnk/task.emphxs.com/wp-blog-header.php): Failed to open stream: No such file or directory in /home/indegnnk/task.emphxs.com/index.php on line 2
[20-Dec-2025 13:11:07 UTC] PHP Fatal error:  Uncaught Error: Failed opening required '/home/indegnnk/task.emphxs.com/wp-blog-header.php' (include_path='.:/opt/cpanel/ea-php83/root/usr/share/pear') in /home/indegnnk/task.emphxs.com/index.php:2
Stack trace:
#0 {main}
  thrown in /home/indegnnk/task.emphxs.com/index.php on line 2
[20-Dec-2025 13:32:00 UTC] PHP Warning:  require(/home/indegnnk/task.emphxs.com/wp-blog-header.php): Failed to open stream: No such file or directory in /home/indegnnk/task.emphxs.com/index.php on line 2
[20-Dec-2025 13:32:00 UTC] PHP Fatal error:  Uncaught Error: Failed opening required '/home/indegnnk/task.emphxs.com/wp-blog-header.php' (include_path='.:/opt/cpanel/ea-php83/root/usr/share/pear') in /home/indegnnk/task.emphxs.com/index.php:2
Stack trace:
#0 {main}
  thrown in /home/indegnnk/task.emphxs.com/index.php on line 2
[20-Dec-2025 13:52:18 UTC] PHP Warning:  require(/home/indegnnk/task.emphxs.com/wp-blog-header.php): Failed to open stream: No such file or directory in /home/indegnnk/task.emphxs.com/index.php on line 2
[20-Dec-2025 13:52:18 UTC] PHP Fatal error:  Uncaught Error: Failed opening required '/home/indegnnk/task.emphxs.com/wp-blog-header.php' (include_path='.:/opt/cpanel/ea-php83/root/usr/share/pear') in /home/indegnnk/task.emphxs.com/index.php:2
Stack trace:
#0 {main}
  thrown in /home/indegnnk/task.emphxs.com/index.php on line 2
[20-Dec-2025 14:25:16 UTC] PHP Warning:  require(/home/indegnnk/task.emphxs.com/wp-blog-header.php): Failed to open stream: No such file or directory in /home/indegnnk/task.emphxs.com/index.php on line 2
[20-Dec-2025 14:25:16 UTC] PHP Fatal error:  Uncaught Error: Failed opening required '/home/indegnnk/task.emphxs.com/wp-blog-header.php' (include_path='.:/opt/cpanel/ea-php83/root/usr/share/pear') in /home/indegnnk/task.emphxs.com/index.php:2
Stack trace:
#0 {main}
  thrown in /home/indegnnk/task.emphxs.com/index.php on line 2
[20-Dec-2025 14:26:02 UTC] PHP Fatal error:  Uncaught ErrorException: file_put_contents(/home/indegnnk/task.emphxs.com/storage/framework/views/e695b1cacf94b17a75bd33fe6f16f80c23069d60.php): Failed to open stream: Permission denied in /home/indegnnk/task.emphxs.com/vendor/laravel/framework/src/Illuminate/Filesystem/Filesystem.php:190
Stack trace:
#0 /home/indegnnk/task.emphxs.com/vendor/laravel/framework/src/Illuminate/Foundation/Bootstrap/HandleExceptions.php(270): Illuminate\Foundation\Bootstrap\HandleExceptions->handleError(2, 'file_put_conten...', '/home/indegnnk/...', 190)
#1 [internal function]: Illuminate\Foundation\Bootstrap\HandleExceptions->Illuminate\Foundation\Bootstrap\{closure}(2, 'file_put_conten...', '/home/indegnnk/...', 190)
#2 /home/indegnnk/task.emphxs.com/vendor/laravel/framework/src/Illuminate/Filesystem/Filesystem.php(190): file_put_contents('/home/indegnnk/...', '<?php $__env->s...', 0)
#3 /home/indegnnk/task.emphxs.com/vendor/laravel/framework/src/Illuminate/View/Compilers/BladeCompiler.php(185): Illuminate\Filesystem\Filesystem->put('/home/indegnnk/...', '<?php $__env->s...')
#4 /home/indegnnk/task.emphxs.com/vendor/laravel/framework/src/Illuminate/View/Engines/CompilerEngine.php(62): Illuminate\View\Compilers\BladeCompiler->compile('/home/indegnnk/...')
#5 /home/indegnnk/task.emphxs.com/vendor/laravel/framework/src/Illuminate/View/View.php(195): Illuminate\View\Engines\CompilerEngine->get('/home/indegnnk/...', Array)
#6 /home/indegnnk/task.emphxs.com/vendor/laravel/framework/src/Illuminate/View/View.php(178): Illuminate\View\View->getContents()
#7 /home/indegnnk/task.emphxs.com/vendor/laravel/framework/src/Illuminate/View/View.php(147): Illuminate\View\View->renderContents()
#8 /home/indegnnk/task.emphxs.com/vendor/laravel/framework/src/Illuminate/Http/Response.php(69): Illuminate\View\View->render()
#9 /home/indegnnk/task.emphxs.com/vendor/laravel/framework/src/Illuminate/Http/Response.php(35): Illuminate\Http\Response->setContent(Object(Illuminate\View\View))
#10 /home/indegnnk/task.emphxs.com/vendor/laravel/framework/src/Illuminate/Routing/ResponseFactory.php(57): Illuminate\Http\Response->__construct(Object(Illuminate\View\View), 500, Array)
#11 /home/indegnnk/task.emphxs.com/vendor/laravel/framework/src/Illuminate/Routing/ResponseFactory.php(87): Illuminate\Routing\ResponseFactory->make(Object(Illuminate\View\View), 500, Array)
#12 /home/indegnnk/task.emphxs.com/vendor/laravel/framework/src/Illuminate/Foundation/Exceptions/Handler.php(626): Illuminate\Routing\ResponseFactory->view('errors::500', Array, 500, Array)
#13 /home/indegnnk/task.emphxs.com/vendor/laravel/framework/src/Illuminate/Foundation/Exceptions/Handler.php(554): Illuminate\Foundation\Exceptions\Handler->renderHttpException(Object(Symfony\Component\HttpKernel\Exception\HttpException))
#14 /home/indegnnk/task.emphxs.com/vendor/laravel/framework/src/Illuminate/Foundation/Exceptions/Handler.php(460): Illuminate\Foundation\Exceptions\Handler->prepareResponse(Object(Illuminate\Http\Request), Object(Symfony\Component\HttpKernel\Exception\HttpException))
#15 /home/indegnnk/task.emphxs.com/vendor/laravel/framework/src/Illuminate/Foundation/Exceptions/Handler.php(377): Illuminate\Foundation\Exceptions\Handler->renderExceptionResponse(Object(Illuminate\Http\Request), Object(UnexpectedValueException))
#16 /home/indegnnk/task.emphxs.com/vendor/laravel/framework/src/Illuminate/Foundation/Bootstrap/HandleExceptions.php(233): Illuminate\Foundation\Exceptions\Handler->render(Object(Illuminate\Http\Request), Object(UnexpectedValueException))
#17 /home/indegnnk/task.emphxs.com/vendor/laravel/framework/src/Illuminate/Foundation/Bootstrap/HandleExceptions.php(210): Illuminate\Foundation\Bootstrap\HandleExceptions->renderHttpResponse(Object(UnexpectedValueException))
#18 /home/indegnnk/task.emphxs.com/vendor/laravel/framework/src/Illuminate/Foundation/Bootstrap/HandleExceptions.php(270): Illuminate\Foundation\Bootstrap\HandleExceptions->handleException(Object(UnexpectedValueException))
#19 [internal function]: Illuminate\Foundation\Bootstrap\HandleExceptions->Illuminate\Foundation\Bootstrap\{closure}(Object(UnexpectedValueException))
#20 {main}
  thrown in /home/indegnnk/task.emphxs.com/vendor/laravel/framework/src/Illuminate/Filesystem/Filesystem.php on line 190
[20-Dec-2025 14:26:02 UTC] PHP Fatal error:  Uncaught ErrorException: file_put_contents(/home/indegnnk/task.emphxs.com/storage/framework/views/e695b1cacf94b17a75bd33fe6f16f80c23069d60.php): Failed to open stream: Permission denied in /home/indegnnk/task.emphxs.com/vendor/laravel/framework/src/Illuminate/Filesystem/Filesystem.php:190
Stack trace:
#0 /home/indegnnk/task.emphxs.com/vendor/laravel/framework/src/Illuminate/Foundation/Bootstrap/HandleExceptions.php(270): Illuminate\Foundation\Bootstrap\HandleExceptions->handleError(2, 'file_put_conten...', '/home/indegnnk/...', 190)
#1 [internal function]: Illuminate\Foundation\Bootstrap\HandleExceptions->Illuminate\Foundation\Bootstrap\{closure}(2, 'file_put_conten...', '/home/indegnnk/...', 190)
#2 /home/indegnnk/task.emphxs.com/vendor/laravel/framework/src/Illuminate/Filesystem/Filesystem.php(190): file_put_contents('/home/indegnnk/...', '<?php $__env->s...', 0)
#3 /home/indegnnk/task.emphxs.com/vendor/laravel/framework/src/Illuminate/View/Compilers/BladeCompiler.php(185): Illuminate\Filesystem\Filesystem->put('/home/indegnnk/...', '<?php $__env->s...')
#4 /home/indegnnk/task.emphxs.com/vendor/laravel/framework/src/Illuminate/View/Engines/CompilerEngine.php(62): Illuminate\View\Compilers\BladeCompiler->compile('/home/indegnnk/...')
#5 /home/indegnnk/task.emphxs.com/vendor/laravel/framework/src/Illuminate/View/View.php(195): Illuminate\View\Engines\CompilerEngine->get('/home/indegnnk/...', Array)
#6 /home/indegnnk/task.emphxs.com/vendor/laravel/framework/src/Illuminate/View/View.php(178): Illuminate\View\View->getContents()
#7 /home/indegnnk/task.emphxs.com/vendor/laravel/framework/src/Illuminate/View/View.php(147): Illuminate\View\View->renderContents()
#8 /home/indegnnk/task.emphxs.com/vendor/laravel/framework/src/Illuminate/Http/Response.php(69): Illuminate\View\View->render()
#9 /home/indegnnk/task.emphxs.com/vendor/laravel/framework/src/Illuminate/Http/Response.php(35): Illuminate\Http\Response->setContent(Object(Illuminate\View\View))
#10 /home/indegnnk/task.emphxs.com/vendor/laravel/framework/src/Illuminate/Routing/ResponseFactory.php(57): Illuminate\Http\Response->__construct(Object(Illuminate\View\View), 500, Array)
#11 /home/indegnnk/task.emphxs.com/vendor/laravel/framework/src/Illuminate/Routing/ResponseFactory.php(87): Illuminate\Routing\ResponseFactory->make(Object(Illuminate\View\View), 500, Array)
#12 /home/indegnnk/task.emphxs.com/vendor/laravel/framework/src/Illuminate/Foundation/Exceptions/Handler.php(626): Illuminate\Routing\ResponseFactory->view('errors::500', Array, 500, Array)
#13 /home/indegnnk/task.emphxs.com/vendor/laravel/framework/src/Illuminate/Foundation/Exceptions/Handler.php(554): Illuminate\Foundation\Exceptions\Handler->renderHttpException(Object(Symfony\Component\HttpKernel\Exception\HttpException))
#14 /home/indegnnk/task.emphxs.com/vendor/laravel/framework/src/Illuminate/Foundation/Exceptions/Handler.php(460): Illuminate\Foundation\Exceptions\Handler->prepareResponse(Object(Illuminate\Http\Request), Object(Symfony\Component\HttpKernel\Exception\HttpException))
#15 /home/indegnnk/task.emphxs.com/vendor/laravel/framework/src/Illuminate/Foundation/Exceptions/Handler.php(377): Illuminate\Foundation\Exceptions\Handler->renderExceptionResponse(Object(Illuminate\Http\Request), Object(UnexpectedValueException))
#16 /home/indegnnk/task.emphxs.com/vendor/laravel/framework/src/Illuminate/Foundation/Bootstrap/HandleExceptions.php(233): Illuminate\Foundation\Exceptions\Handler->render(Object(Illuminate\Http\Request), Object(UnexpectedValueException))
#17 /home/indegnnk/task.emphxs.com/vendor/laravel/framework/src/Illuminate/Foundation/Bootstrap/HandleExceptions.php(210): Illuminate\Foundation\Bootstrap\HandleExceptions->renderHttpResponse(Object(UnexpectedValueException))
#18 /home/indegnnk/task.emphxs.com/vendor/laravel/framework/src/Illuminate/Foundation/Bootstrap/HandleExceptions.php(246): Illuminate\Foundation\Bootstrap\HandleExceptions->handleException(Object(UnexpectedValueException))
#19 /home/indegnnk/task.emphxs.com/vendor/laravel/framework/src/Illuminate/Foundation/Bootstrap/HandleExceptions.php(270): Illuminate\Foundation\Bootstrap\HandleExceptions->handleShutdown()
#20 [internal function]: Illuminate\Foundation\Bootstrap\HandleExceptions->Illuminate\Foundation\Bootstrap\{closure}()
#21 {main}
  thrown in /home/indegnnk/task.emphxs.com/vendor/laravel/framework/src/Illuminate/Filesystem/Filesystem.php on line 190
[20-Dec-2025 14:26:09 UTC] PHP Warning:  require(/home/indegnnk/task.emphxs.com/wp-blog-header.php): Failed to open stream: No such file or directory in /home/indegnnk/task.emphxs.com/index.php on line 2
[20-Dec-2025 14:26:09 UTC] PHP Fatal error:  Uncaught Error: Failed opening required '/home/indegnnk/task.emphxs.com/wp-blog-header.php' (include_path='.:/opt/cpanel/ea-php83/root/usr/share/pear') in /home/indegnnk/task.emphxs.com/index.php:2
Stack trace:
#0 {main}
  thrown in /home/indegnnk/task.emphxs.com/index.php on line 2
[20-Dec-2025 14:26:26 UTC] PHP Warning:  require(/home/indegnnk/task.emphxs.com/wp-blog-header.php): Failed to open stream: No such file or directory in /home/indegnnk/task.emphxs.com/index.php on line 2
[20-Dec-2025 14:26:26 UTC] PHP Fatal error:  Uncaught Error: Failed opening required '/home/indegnnk/task.emphxs.com/wp-blog-header.php' (include_path='.:/opt/cpanel/ea-php83/root/usr/share/pear') in /home/indegnnk/task.emphxs.com/index.php:2
Stack trace:
#0 {main}
  thrown in /home/indegnnk/task.emphxs.com/index.php on line 2
[20-Dec-2025 14:27:02 UTC] PHP Fatal error:  Uncaught ErrorException: file_put_contents(/home/indegnnk/task.emphxs.com/storage/framework/views/e695b1cacf94b17a75bd33fe6f16f80c23069d60.php): Failed to open stream: Permission denied in /home/indegnnk/task.emphxs.com/vendor/laravel/framework/src/Illuminate/Filesystem/Filesystem.php:190
Stack trace:
#0 /home/indegnnk/task.emphxs.com/vendor/laravel/framework/src/Illuminate/Foundation/Bootstrap/HandleExceptions.php(270): Illuminate\Foundation\Bootstrap\HandleExceptions->handleError(2, 'file_put_conten...', '/home/indegnnk/...', 190)
#1 [internal function]: Illuminate\Foundation\Bootstrap\HandleExceptions->Illuminate\Foundation\Bootstrap\{closure}(2, 'file_put_conten...', '/home/indegnnk/...', 190)
#2 /home/indegnnk/task.emphxs.com/vendor/laravel/framework/src/Illuminate/Filesystem/Filesystem.php(190): file_put_contents('/home/indegnnk/...', '<?php $__env->s...', 0)
#3 /home/indegnnk/task.emphxs.com/vendor/laravel/framework/src/Illuminate/View/Compilers/BladeCompiler.php(185): Illuminate\Filesystem\Filesystem->put('/home/indegnnk/...', '<?php $__env->s...')
#4 /home/indegnnk/task.emphxs.com/vendor/laravel/framework/src/Illuminate/View/Engines/CompilerEngine.php(62): Illuminate\View\Compilers\BladeCompiler->compile('/home/indegnnk/...')
#5 /home/indegnnk/task.emphxs.com/vendor/laravel/framework/src/Illuminate/View/View.php(195): Illuminate\View\Engines\CompilerEngine->get('/home/indegnnk/...', Array)
#6 /home/indegnnk/task.emphxs.com/vendor/laravel/framework/src/Illuminate/View/View.php(178): Illuminate\View\View->getContents()
#7 /home/indegnnk/task.emphxs.com/vendor/laravel/framework/src/Illuminate/View/View.php(147): Illuminate\View\View->renderContents()
#8 /home/indegnnk/task.emphxs.com/vendor/laravel/framework/src/Illuminate/Http/Response.php(69): Illuminate\View\View->render()
#9 /home/indegnnk/task.emphxs.com/vendor/laravel/framework/src/Illuminate/Http/Response.php(35): Illuminate\Http\Response->setContent(Object(Illuminate\View\View))
#10 /home/indegnnk/task.emphxs.com/vendor/laravel/framework/src/Illuminate/Routing/ResponseFactory.php(57): Illuminate\Http\Response->__construct(Object(Illuminate\View\View), 500, Array)
#11 /home/indegnnk/task.emphxs.com/vendor/laravel/framework/src/Illuminate/Routing/ResponseFactory.php(87): Illuminate\Routing\ResponseFactory->make(Object(Illuminate\View\View), 500, Array)
#12 /home/indegnnk/task.emphxs.com/vendor/laravel/framework/src/Illuminate/Foundation/Exceptions/Handler.php(626): Illuminate\Routing\ResponseFactory->view('errors::500', Array, 500, Array)
#13 /home/indegnnk/task.emphxs.com/vendor/laravel/framework/src/Illuminate/Foundation/Exceptions/Handler.php(554): Illuminate\Foundation\Exceptions\Handler->renderHttpException(Object(Symfony\Component\HttpKernel\Exception\HttpException))
#14 /home/indegnnk/task.emphxs.com/vendor/laravel/framework/src/Illuminate/Foundation/Exceptions/Handler.php(460): Illuminate\Foundation\Exceptions\Handler->prepareResponse(Object(Illuminate\Http\Request), Object(Symfony\Component\HttpKernel\Exception\HttpException))
#15 /home/indegnnk/task.emphxs.com/vendor/laravel/framework/src/Illuminate/Foundation/Exceptions/Handler.php(377): Illuminate\Foundation\Exceptions\Handler->renderExceptionResponse(Object(Illuminate\Http\Request), Object(UnexpectedValueException))
#16 /home/indegnnk/task.emphxs.com/vendor/laravel/framework/src/Illuminate/Foundation/Bootstrap/HandleExceptions.php(233): Illuminate\Foundation\Exceptions\Handler->render(Object(Illuminate\Http\Request), Object(UnexpectedValueException))
#17 /home/indegnnk/task.emphxs.com/vendor/laravel/framework/src/Illuminate/Foundation/Bootstrap/HandleExceptions.php(210): Illuminate\Foundation\Bootstrap\HandleExceptions->renderHttpResponse(Object(UnexpectedValueException))
#18 /home/indegnnk/task.emphxs.com/vendor/laravel/framework/src/Illuminate/Foundation/Bootstrap/HandleExceptions.php(270): Illuminate\Foundation\Bootstrap\HandleExceptions->handleException(Object(UnexpectedValueException))
#19 [internal function]: Illuminate\Foundation\Bootstrap\HandleExceptions->Illuminate\Foundation\Bootstrap\{closure}(Object(UnexpectedValueException))
#20 {main}
  thrown in /home/indegnnk/task.emphxs.com/vendor/laravel/framework/src/Illuminate/Filesystem/Filesystem.php on line 190
[20-Dec-2025 14:27:02 UTC] PHP Fatal error:  Uncaught ErrorException: file_put_contents(/home/indegnnk/task.emphxs.com/storage/framework/views/e695b1cacf94b17a75bd33fe6f16f80c23069d60.php): Failed to open stream: Permission denied in /home/indegnnk/task.emphxs.com/vendor/laravel/framework/src/Illuminate/Filesystem/Filesystem.php:190
Stack trace:
#0 /home/indegnnk/task.emphxs.com/vendor/laravel/framework/src/Illuminate/Foundation/Bootstrap/HandleExceptions.php(270): Illuminate\Foundation\Bootstrap\HandleExceptions->handleError(2, 'file_put_conten...', '/home/indegnnk/...', 190)
#1 [internal function]: Illuminate\Foundation\Bootstrap\HandleExceptions->Illuminate\Foundation\Bootstrap\{closure}(2, 'file_put_conten...', '/home/indegnnk/...', 190)
#2 /home/indegnnk/task.emphxs.com/vendor/laravel/framework/src/Illuminate/Filesystem/Filesystem.php(190): file_put_contents('/home/indegnnk/...', '<?php $__env->s...', 0)
#3 /home/indegnnk/task.emphxs.com/vendor/laravel/framework/src/Illuminate/View/Compilers/BladeCompiler.php(185): Illuminate\Filesystem\Filesystem->put('/home/indegnnk/...', '<?php $__env->s...')
#4 /home/indegnnk/task.emphxs.com/vendor/laravel/framework/src/Illuminate/View/Engines/CompilerEngine.php(62): Illuminate\View\Compilers\BladeCompiler->compile('/home/indegnnk/...')
#5 /home/indegnnk/task.emphxs.com/vendor/laravel/framework/src/Illuminate/View/View.php(195): Illuminate\View\Engines\CompilerEngine->get('/home/indegnnk/...', Array)
#6 /home/indegnnk/task.emphxs.com/vendor/laravel/framework/src/Illuminate/View/View.php(178): Illuminate\View\View->getContents()
#7 /home/indegnnk/task.emphxs.com/vendor/laravel/framework/src/Illuminate/View/View.php(147): Illuminate\View\View->renderContents()
#8 /home/indegnnk/task.emphxs.com/vendor/laravel/framework/src/Illuminate/Http/Response.php(69): Illuminate\View\View->render()
#9 /home/indegnnk/task.emphxs.com/vendor/laravel/framework/src/Illuminate/Http/Response.php(35): Illuminate\Http\Response->setContent(Object(Illuminate\View\View))
#10 /home/indegnnk/task.emphxs.com/vendor/laravel/framework/src/Illuminate/Routing/ResponseFactory.php(57): Illuminate\Http\Response->__construct(Object(Illuminate\View\View), 500, Array)
#11 /home/indegnnk/task.emphxs.com/vendor/laravel/framework/src/Illuminate/Routing/ResponseFactory.php(87): Illuminate\Routing\ResponseFactory->make(Object(Illuminate\View\View), 500, Array)
#12 /home/indegnnk/task.emphxs.com/vendor/laravel/framework/src/Illuminate/Foundation/Exceptions/Handler.php(626): Illuminate\Routing\ResponseFactory->view('errors::500', Array, 500, Array)
#13 /home/indegnnk/task.emphxs.com/vendor/laravel/framework/src/Illuminate/Foundation/Exceptions/Handler.php(554): Illuminate\Foundation\Exceptions\Handler->renderHttpException(Object(Symfony\Component\HttpKernel\Exception\HttpException))
#14 /home/indegnnk/task.emphxs.com/vendor/laravel/framework/src/Illuminate/Foundation/Exceptions/Handler.php(460): Illuminate\Foundation\Exceptions\Handler->prepareResponse(Object(Illuminate\Http\Request), Object(Symfony\Component\HttpKernel\Exception\HttpException))
#15 /home/indegnnk/task.emphxs.com/vendor/laravel/framework/src/Illuminate/Foundation/Exceptions/Handler.php(377): Illuminate\Foundation\Exceptions\Handler->renderExceptionResponse(Object(Illuminate\Http\Request), Object(UnexpectedValueException))
#16 /home/indegnnk/task.emphxs.com/vendor/laravel/framework/src/Illuminate/Foundation/Bootstrap/HandleExceptions.php(233): Illuminate\Foundation\Exceptions\Handler->render(Object(Illuminate\Http\Request), Object(UnexpectedValueException))
#17 /home/indegnnk/task.emphxs.com/vendor/laravel/framework/src/Illuminate/Foundation/Bootstrap/HandleExceptions.php(210): Illuminate\Foundation\Bootstrap\HandleExceptions->renderHttpResponse(Object(UnexpectedValueException))
#18 /home/indegnnk/task.emphxs.com/vendor/laravel/framework/src/Illuminate/Foundation/Bootstrap/HandleExceptions.php(246): Illuminate\Foundation\Bootstrap\HandleExceptions->handleException(Object(UnexpectedValueException))
#19 /home/indegnnk/task.emphxs.com/vendor/laravel/framework/src/Illuminate/Foundation/Bootstrap/HandleExceptions.php(270): Illuminate\Foundation\Bootstrap\HandleExceptions->handleShutdown()
#20 [internal function]: Illuminate\Foundation\Bootstrap\HandleExceptions->Illuminate\Foundation\Bootstrap\{closure}()
#21 {main}
  thrown in /home/indegnnk/task.emphxs.com/vendor/laravel/framework/src/Illuminate/Filesystem/Filesystem.php on line 190
[20-Dec-2025 14:28:02 UTC] PHP Fatal error:  Uncaught ErrorException: file_put_contents(/home/indegnnk/task.emphxs.com/storage/framework/views/e695b1cacf94b17a75bd33fe6f16f80c23069d60.php): Failed to open stream: Permission denied in /home/indegnnk/task.emphxs.com/vendor/laravel/framework/src/Illuminate/Filesystem/Filesystem.php:190
Stack trace:
#0 /home/indegnnk/task.emphxs.com/vendor/laravel/framework/src/Illuminate/Foundation/Bootstrap/HandleExceptions.php(270): Illuminate\Foundation\Bootstrap\HandleExceptions->handleError(2, 'file_put_conten...', '/home/indegnnk/...', 190)
#1 [internal function]: Illuminate\Foundation\Bootstrap\HandleExceptions->Illuminate\Foundation\Bootstrap\{closure}(2, 'file_put_conten...', '/home/indegnnk/...', 190)
#2 /home/indegnnk/task.emphxs.com/vendor/laravel/framework/src/Illuminate/Filesystem/Filesystem.php(190): file_put_contents('/home/indegnnk/...', '<?php $__env->s...', 0)
#3 /home/indegnnk/task.emphxs.com/vendor/laravel/framework/src/Illuminate/View/Compilers/BladeCompiler.php(185): Illuminate\Filesystem\Filesystem->put('/home/indegnnk/...', '<?php $__env->s...')
#4 /home/indegnnk/task.emphxs.com/vendor/laravel/framework/src/Illuminate/View/Engines/CompilerEngine.php(62): Illuminate\View\Compilers\BladeCompiler->compile('/home/indegnnk/...')
#5 /home/indegnnk/task.emphxs.com/vendor/laravel/framework/src/Illuminate/View/View.php(195): Illuminate\View\Engines\CompilerEngine->get('/home/indegnnk/...', Array)
#6 /home/indegnnk/task.emphxs.com/vendor/laravel/framework/src/Illuminate/View/View.php(178): Illuminate\View\View->getContents()
#7 /home/indegnnk/task.emphxs.com/vendor/laravel/framework/src/Illuminate/View/View.php(147): Illuminate\View\View->renderContents()
#8 /home/indegnnk/task.emphxs.com/vendor/laravel/framework/src/Illuminate/Http/Response.php(69): Illuminate\View\View->render()
#9 /home/indegnnk/task.emphxs.com/vendor/laravel/framework/src/Illuminate/Http/Response.php(35): Illuminate\Http\Response->setContent(Object(Illuminate\View\View))
#10 /home/indegnnk/task.emphxs.com/vendor/laravel/framework/src/Illuminate/Routing/ResponseFactory.php(57): Illuminate\Http\Response->__construct(Object(Illuminate\View\View), 500, Array)
#11 /home/indegnnk/task.emphxs.com/vendor/laravel/framework/src/Illuminate/Routing/ResponseFactory.php(87): Illuminate\Routing\ResponseFactory->make(Object(Illuminate\View\View), 500, Array)
#12 /home/indegnnk/task.emphxs.com/vendor/laravel/framework/src/Illuminate/Foundation/Exceptions/Handler.php(626): Illuminate\Routing\ResponseFactory->view('errors::500', Array, 500, Array)
#13 /home/indegnnk/task.emphxs.com/vendor/laravel/framework/src/Illuminate/Foundation/Exceptions/Handler.php(554): Illuminate\Foundation\Exceptions\Handler->renderHttpException(Object(Symfony\Component\HttpKernel\Exception\HttpException))
#14 /home/indegnnk/task.emphxs.com/vendor/laravel/framework/src/Illuminate/Foundation/Exceptions/Handler.php(460): Illuminate\Foundation\Exceptions\Handler->prepareResponse(Object(Illuminate\Http\Request), Object(Symfony\Component\HttpKernel\Exception\HttpException))
#15 /home/indegnnk/task.emphxs.com/vendor/laravel/framework/src/Illuminate/Foundation/Exceptions/Handler.php(377): Illuminate\Foundation\Exceptions\Handler->renderExceptionResponse(Object(Illuminate\Http\Request), Object(UnexpectedValueException))
#16 /home/indegnnk/task.emphxs.com/vendor/laravel/framework/src/Illuminate/Foundation/Bootstrap/HandleExceptions.php(233): Illuminate\Foundation\Exceptions\Handler->render(Object(Illuminate\Http\Request), Object(UnexpectedValueException))
#17 /home/indegnnk/task.emphxs.com/vendor/laravel/framework/src/Illuminate/Foundation/Bootstrap/HandleExceptions.php(210): Illuminate\Foundation\Bootstrap\HandleExceptions->renderHttpResponse(Object(UnexpectedValueException))
#18 /home/indegnnk/task.emphxs.com/vendor/laravel/framework/src/Illuminate/Foundation/Bootstrap/HandleExceptions.php(270): Illuminate\Foundation\Bootstrap\HandleExceptions->handleException(Object(UnexpectedValueException))
#19 [internal function]: Illuminate\Foundation\Bootstrap\HandleExceptions->Illuminate\Foundation\Bootstrap\{closure}(Object(UnexpectedValueException))
#20 {main}
  thrown in /home/indegnnk/task.emphxs.com/vendor/laravel/framework/src/Illuminate/Filesystem/Filesystem.php on line 190
[20-Dec-2025 14:28:02 UTC] PHP Fatal error:  Uncaught ErrorException: file_put_contents(/home/indegnnk/task.emphxs.com/storage/framework/views/e695b1cacf94b17a75bd33fe6f16f80c23069d60.php): Failed to open stream: Permission denied in /home/indegnnk/task.emphxs.com/vendor/laravel/framework/src/Illuminate/Filesystem/Filesystem.php:190
Stack trace:
#0 /home/indegnnk/task.emphxs.com/vendor/laravel/framework/src/Illuminate/Foundation/Bootstrap/HandleExceptions.php(270): Illuminate\Foundation\Bootstrap\HandleExceptions->handleError(2, 'file_put_conten...', '/home/indegnnk/...', 190)
#1 [internal function]: Illuminate\Foundation\Bootstrap\HandleExceptions->Illuminate\Foundation\Bootstrap\{closure}(2, 'file_put_conten...', '/home/indegnnk/...', 190)
#2 /home/indegnnk/task.emphxs.com/vendor/laravel/framework/src/Illuminate/Filesystem/Filesystem.php(190): file_put_contents('/home/indegnnk/...', '<?php $__env->s...', 0)
#3 /home/indegnnk/task.emphxs.com/vendor/laravel/framework/src/Illuminate/View/Compilers/BladeCompiler.php(185): Illuminate\Filesystem\Filesystem->put('/home/indegnnk/...', '<?php $__env->s...')
#4 /home/indegnnk/task.emphxs.com/vendor/laravel/framework/src/Illuminate/View/Engines/CompilerEngine.php(62): Illuminate\View\Compilers\BladeCompiler->compile('/home/indegnnk/...')
#5 /home/indegnnk/task.emphxs.com/vendor/laravel/framework/src/Illuminate/View/View.php(195): Illuminate\View\Engines\CompilerEngine->get('/home/indegnnk/...', Array)
#6 /home/indegnnk/task.emphxs.com/vendor/laravel/framework/src/Illuminate/View/View.php(178): Illuminate\View\View->getContents()
#7 /home/indegnnk/task.emphxs.com/vendor/laravel/framework/src/Illuminate/View/View.php(147): Illuminate\View\View->renderContents()
#8 /home/indegnnk/task.emphxs.com/vendor/laravel/framework/src/Illuminate/Http/Response.php(69): Illuminate\View\View->render()
#9 /home/indegnnk/task.emphxs.com/vendor/laravel/framework/src/Illuminate/Http/Response.php(35): Illuminate\Http\Response->setContent(Object(Illuminate\View\View))
#10 /home/indegnnk/task.emphxs.com/vendor/laravel/framework/src/Illuminate/Routing/ResponseFactory.php(57): Illuminate\Http\Response->__construct(Object(Illuminate\View\View), 500, Array)
#11 /home/indegnnk/task.emphxs.com/vendor/laravel/framework/src/Illuminate/Routing/ResponseFactory.php(87): Illuminate\Routing\ResponseFactory->make(Object(Illuminate\View\View), 500, Array)
#12 /home/indegnnk/task.emphxs.com/vendor/laravel/framework/src/Illuminate/Foundation/Exceptions/Handler.php(626): Illuminate\Routing\ResponseFactory->view('errors::500', Array, 500, Array)
#13 /home/indegnnk/task.emphxs.com/vendor/laravel/framework/src/Illuminate/Foundation/Exceptions/Handler.php(554): Illuminate\Foundation\Exceptions\Handler->renderHttpException(Object(Symfony\Component\HttpKernel\Exception\HttpException))
#14 /home/indegnnk/task.emphxs.com/vendor/laravel/framework/src/Illuminate/Foundation/Exceptions/Handler.php(460): Illuminate\Foundation\Exceptions\Handler->prepareResponse(Object(Illuminate\Http\Request), Object(Symfony\Component\HttpKernel\Exception\HttpException))
#15 /home/indegnnk/task.emphxs.com/vendor/laravel/framework/src/Illuminate/Foundation/Exceptions/Handler.php(377): Illuminate\Foundation\Exceptions\Handler->renderExceptionResponse(Object(Illuminate\Http\Request), Object(UnexpectedValueException))
#16 /home/indegnnk/task.emphxs.com/vendor/laravel/framework/src/Illuminate/Foundation/Bootstrap/HandleExceptions.php(233): Illuminate\Foundation\Exceptions\Handler->render(Object(Illuminate\Http\Request), Object(UnexpectedValueException))
#17 /home/indegnnk/task.emphxs.com/vendor/laravel/framework/src/Illuminate/Foundation/Bootstrap/HandleExceptions.php(210): Illuminate\Foundation\Bootstrap\HandleExceptions->renderHttpResponse(Object(UnexpectedValueException))
#18 /home/indegnnk/task.emphxs.com/vendor/laravel/framework/src/Illuminate/Foundation/Bootstrap/HandleExceptions.php(246): Illuminate\Foundation\Bootstrap\HandleExceptions->handleException(Object(UnexpectedValueException))
#19 /home/indegnnk/task.emphxs.com/vendor/laravel/framework/src/Illuminate/Foundation/Bootstrap/HandleExceptions.php(270): Illuminate\Foundation\Bootstrap\HandleExceptions->handleShutdown()
#20 [internal function]: Illuminate\Foundation\Bootstrap\HandleExceptions->Illuminate\Foundation\Bootstrap\{closure}()
#21 {main}
  thrown in /home/indegnnk/task.emphxs.com/vendor/laravel/framework/src/Illuminate/Filesystem/Filesystem.php on line 190
[20-Dec-2025 14:29:02 UTC] PHP Fatal error:  Uncaught ErrorException: file_put_contents(/home/indegnnk/task.emphxs.com/storage/framework/views/e695b1cacf94b17a75bd33fe6f16f80c23069d60.php): Failed to open stream: Permission denied in /home/indegnnk/task.emphxs.com/vendor/laravel/framework/src/Illuminate/Filesystem/Filesystem.php:190
Stack trace:
#0 /home/indegnnk/task.emphxs.com/vendor/laravel/framework/src/Illuminate/Foundation/Bootstrap/HandleExceptions.php(270): Illuminate\Foundation\Bootstrap\HandleExceptions->handleError(2, 'file_put_conten...', '/home/indegnnk/...', 190)
#1 [internal function]: Illuminate\Foundation\Bootstrap\HandleExceptions->Illuminate\Foundation\Bootstrap\{closure}(2, 'file_put_conten...', '/home/indegnnk/...', 190)
#2 /home/indegnnk/task.emphxs.com/vendor/laravel/framework/src/Illuminate/Filesystem/Filesystem.php(190): file_put_contents('/home/indegnnk/...', '<?php $__env->s...', 0)
#3 /home/indegnnk/task.emphxs.com/vendor/laravel/framework/src/Illuminate/View/Compilers/BladeCompiler.php(185): Illuminate\Filesystem\Filesystem->put('/home/indegnnk/...', '<?php $__env->s...')
#4 /home/indegnnk/task.emphxs.com/vendor/laravel/framework/src/Illuminate/View/Engines/CompilerEngine.php(62): Illuminate\View\Compilers\BladeCompiler->compile('/home/indegnnk/...')
#5 /home/indegnnk/task.emphxs.com/vendor/laravel/framework/src/Illuminate/View/View.php(195): Illuminate\View\Engines\CompilerEngine->get('/home/indegnnk/...', Array)
#6 /home/indegnnk/task.emphxs.com/vendor/laravel/framework/src/Illuminate/View/View.php(178): Illuminate\View\View->getContents()
#7 /home/indegnnk/task.emphxs.com/vendor/laravel/framework/src/Illuminate/View/View.php(147): Illuminate\View\View->renderContents()
#8 /home/indegnnk/task.emphxs.com/vendor/laravel/framework/src/Illuminate/Http/Response.php(69): Illuminate\View\View->render()
#9 /home/indegnnk/task.emphxs.com/vendor/laravel/framework/src/Illuminate/Http/Response.php(35): Illuminate\Http\Response->setContent(Object(Illuminate\View\View))
#10 /home/indegnnk/task.emphxs.com/vendor/laravel/framework/src/Illuminate/Routing/ResponseFactory.php(57): Illuminate\Http\Response->__construct(Object(Illuminate\View\View), 500, Array)
#11 /home/indegnnk/task.emphxs.com/vendor/laravel/framework/src/Illuminate/Routing/ResponseFactory.php(87): Illuminate\Routing\ResponseFactory->make(Object(Illuminate\View\View), 500, Array)
#12 /home/indegnnk/task.emphxs.com/vendor/laravel/framework/src/Illuminate/Foundation/Exceptions/Handler.php(626): Illuminate\Routing\ResponseFactory->view('errors::500', Array, 500, Array)
#13 /home/indegnnk/task.emphxs.com/vendor/laravel/framework/src/Illuminate/Foundation/Exceptions/Handler.php(554): Illuminate\Foundation\Exceptions\Handler->renderHttpException(Object(Symfony\Component\HttpKernel\Exception\HttpException))
#14 /home/indegnnk/task.emphxs.com/vendor/laravel/framework/src/Illuminate/Foundation/Exceptions/Handler.php(460): Illuminate\Foundation\Exceptions\Handler->prepareResponse(Object(Illuminate\Http\Request), Object(Symfony\Component\HttpKernel\Exception\HttpException))
#15 /home/indegnnk/task.emphxs.com/vendor/laravel/framework/src/Illuminate/Foundation/Exceptions/Handler.php(377): Illuminate\Foundation\Exceptions\Handler->renderExceptionResponse(Object(Illuminate\Http\Request), Object(UnexpectedValueException))
#16 /home/indegnnk/task.emphxs.com/vendor/laravel/framework/src/Illuminate/Foundation/Bootstrap/HandleExceptions.php(233): Illuminate\Foundation\Exceptions\Handler->render(Object(Illuminate\Http\Request), Object(UnexpectedValueException))
#17 /home/indegnnk/task.emphxs.com/vendor/laravel/framework/src/Illuminate/Foundation/Bootstrap/HandleExceptions.php(210): Illuminate\Foundation\Bootstrap\HandleExceptions->renderHttpResponse(Object(UnexpectedValueException))
#18 /home/indegnnk/task.emphxs.com/vendor/laravel/framework/src/Illuminate/Foundation/Bootstrap/HandleExceptions.php(270): Illuminate\Foundation\Bootstrap\HandleExceptions->handleException(Object(UnexpectedValueException))
#19 [internal function]: Illuminate\Foundation\Bootstrap\HandleExceptions->Illuminate\Foundation\Bootstrap\{closure}(Object(UnexpectedValueException))
#20 {main}
  thrown in /home/indegnnk/task.emphxs.com/vendor/laravel/framework/src/Illuminate/Filesystem/Filesystem.php on line 190
[20-Dec-2025 14:29:02 UTC] PHP Fatal error:  Uncaught ErrorException: file_put_contents(/home/indegnnk/task.emphxs.com/storage/framework/views/e695b1cacf94b17a75bd33fe6f16f80c23069d60.php): Failed to open stream: Permission denied in /home/indegnnk/task.emphxs.com/vendor/laravel/framework/src/Illuminate/Filesystem/Filesystem.php:190
Stack trace:
#0 /home/indegnnk/task.emphxs.com/vendor/laravel/framework/src/Illuminate/Foundation/Bootstrap/HandleExceptions.php(270): Illuminate\Foundation\Bootstrap\HandleExceptions->handleError(2, 'file_put_conten...', '/home/indegnnk/...', 190)
#1 [internal function]: Illuminate\Foundation\Bootstrap\HandleExceptions->Illuminate\Foundation\Bootstrap\{closure}(2, 'file_put_conten...', '/home/indegnnk/...', 190)
#2 /home/indegnnk/task.emphxs.com/vendor/laravel/framework/src/Illuminate/Filesystem/Filesystem.php(190): file_put_contents('/home/indegnnk/...', '<?php $__env->s...', 0)
#3 /home/indegnnk/task.emphxs.com/vendor/laravel/framework/src/Illuminate/View/Compilers/BladeCompiler.php(185): Illuminate\Filesystem\Filesystem->put('/home/indegnnk/...', '<?php $__env->s...')
#4 /home/indegnnk/task.emphxs.com/vendor/laravel/framework/src/Illuminate/View/Engines/CompilerEngine.php(62): Illuminate\View\Compilers\BladeCompiler->compile('/home/indegnnk/...')
#5 /home/indegnnk/task.emphxs.com/vendor/laravel/framework/src/Illuminate/View/View.php(195): Illuminate\View\Engines\CompilerEngine->get('/home/indegnnk/...', Array)
#6 /home/indegnnk/task.emphxs.com/vendor/laravel/framework/src/Illuminate/View/View.php(178): Illuminate\View\View->getContents()
#7 /home/indegnnk/task.emphxs.com/vendor/laravel/framework/src/Illuminate/View/View.php(147): Illuminate\View\View->renderContents()
#8 /home/indegnnk/task.emphxs.com/vendor/laravel/framework/src/Illuminate/Http/Response.php(69): Illuminate\View\View->render()
#9 /home/indegnnk/task.emphxs.com/vendor/laravel/framework/src/Illuminate/Http/Response.php(35): Illuminate\Http\Response->setContent(Object(Illuminate\View\View))
#10 /home/indegnnk/task.emphxs.com/vendor/laravel/framework/src/Illuminate/Routing/ResponseFactory.php(57): Illuminate\Http\Response->__construct(Object(Illuminate\View\View), 500, Array)
#11 /home/indegnnk/task.emphxs.com/vendor/laravel/framework/src/Illuminate/Routing/ResponseFactory.php(87): Illuminate\Routing\ResponseFactory->make(Object(Illuminate\View\View), 500, Array)
#12 /home/indegnnk/task.emphxs.com/vendor/laravel/framework/src/Illuminate/Foundation/Exceptions/Handler.php(626): Illuminate\Routing\ResponseFactory->view('errors::500', Array, 500, Array)
#13 /home/indegnnk/task.emphxs.com/vendor/laravel/framework/src/Illuminate/Foundation/Exceptions/Handler.php(554): Illuminate\Foundation\Exceptions\Handler->renderHttpException(Object(Symfony\Component\HttpKernel\Exception\HttpException))
#14 /home/indegnnk/task.emphxs.com/vendor/laravel/framework/src/Illuminate/Foundation/Exceptions/Handler.php(460): Illuminate\Foundation\Exceptions\Handler->prepareResponse(Object(Illuminate\Http\Request), Object(Symfony\Component\HttpKernel\Exception\HttpException))
#15 /home/indegnnk/task.emphxs.com/vendor/laravel/framework/src/Illuminate/Foundation/Exceptions/Handler.php(377): Illuminate\Foundation\Exceptions\Handler->renderExceptionResponse(Object(Illuminate\Http\Request), Object(UnexpectedValueException))
#16 /home/indegnnk/task.emphxs.com/vendor/laravel/framework/src/Illuminate/Foundation/Bootstrap/HandleExceptions.php(233): Illuminate\Foundation\Exceptions\Handler->render(Object(Illuminate\Http\Request), Object(UnexpectedValueException))
#17 /home/indegnnk/task.emphxs.com/vendor/laravel/framework/src/Illuminate/Foundation/Bootstrap/HandleExceptions.php(210): Illuminate\Foundation\Bootstrap\HandleExceptions->renderHttpResponse(Object(UnexpectedValueException))
#18 /home/indegnnk/task.emphxs.com/vendor/laravel/framework/src/Illuminate/Foundation/Bootstrap/HandleExceptions.php(246): Illuminate\Foundation\Bootstrap\HandleExceptions->handleException(Object(UnexpectedValueException))
#19 /home/indegnnk/task.emphxs.com/vendor/laravel/framework/src/Illuminate/Foundation/Bootstrap/HandleExceptions.php(270): Illuminate\Foundation\Bootstrap\HandleExceptions->handleShutdown()
#20 [internal function]: Illuminate\Foundation\Bootstrap\HandleExceptions->Illuminate\Foundation\Bootstrap\{closure}()
#21 {main}
  thrown in /home/indegnnk/task.emphxs.com/vendor/laravel/framework/src/Illuminate/Filesystem/Filesystem.php on line 190
[20-Dec-2025 14:29:05 UTC] PHP Fatal error:  Uncaught Symfony\Component\HttpKernel\Exception\HttpException in /home/indegnnk/task.emphxs.com/vendor/laravel/framework/src/Illuminate/Foundation/Application.php:1172
Stack trace:
#0 /home/indegnnk/task.emphxs.com/vendor/laravel/framework/src/Illuminate/Foundation/helpers.php(45): Illuminate\Foundation\Application->abort(401, '', Array)
#1 /home/indegnnk/task.emphxs.com/packages/admin/src/Support/AppData.php(34): abort(401)
#2 /home/indegnnk/task.emphxs.com/packages/admin/src/Support/AppData.php(20): Admin\Support\AppData->handle()
#3 Command line code(1): Admin\Support\AppData->__construct()
#4 {main}
  thrown in /home/indegnnk/task.emphxs.com/vendor/laravel/framework/src/Illuminate/Foundation/Application.php on line 1172
[20-Dec-2025 14:29:27 UTC] PHP Warning:  require(/home/indegnnk/task.emphxs.com/wp-blog-header.php): Failed to open stream: No such file or directory in /home/indegnnk/task.emphxs.com/index.php on line 2
[20-Dec-2025 14:29:27 UTC] PHP Fatal error:  Uncaught Error: Failed opening required '/home/indegnnk/task.emphxs.com/wp-blog-header.php' (include_path='.:/opt/cpanel/ea-php83/root/usr/share/pear') in /home/indegnnk/task.emphxs.com/index.php:2
Stack trace:
#0 {main}
  thrown in /home/indegnnk/task.emphxs.com/index.php on line 2
[20-Dec-2025 14:29:42 UTC] PHP Warning:  require(/home/indegnnk/task.emphxs.com/wp-blog-header.php): Failed to open stream: No such file or directory in /home/indegnnk/task.emphxs.com/index.php on line 2
[20-Dec-2025 14:29:42 UTC] PHP Fatal error:  Uncaught Error: Failed opening required '/home/indegnnk/task.emphxs.com/wp-blog-header.php' (include_path='.:/opt/cpanel/ea-php83/root/usr/share/pear') in /home/indegnnk/task.emphxs.com/index.php:2
Stack trace:
#0 {main}
  thrown in /home/indegnnk/task.emphxs.com/index.php on line 2
[20-Dec-2025 14:29:47 UTC] PHP Warning:  require(/home/indegnnk/task.emphxs.com/wp-blog-header.php): Failed to open stream: No such file or directory in /home/indegnnk/task.emphxs.com/index.php on line 2
[20-Dec-2025 14:29:47 UTC] PHP Fatal error:  Uncaught Error: Failed opening required '/home/indegnnk/task.emphxs.com/wp-blog-header.php' (include_path='.:/opt/cpanel/ea-php83/root/usr/share/pear') in /home/indegnnk/task.emphxs.com/index.php:2
Stack trace:
#0 {main}
  thrown in /home/indegnnk/task.emphxs.com/index.php on line 2
[20-Dec-2025 14:30:05 UTC] PHP Warning:  require(/home/indegnnk/task.emphxs.com/wp-blog-header.php): Failed to open stream: No such file or directory in /home/indegnnk/task.emphxs.com/index.php on line 2
[20-Dec-2025 14:30:05 UTC] PHP Fatal error:  Uncaught Error: Failed opening required '/home/indegnnk/task.emphxs.com/wp-blog-header.php' (include_path='.:/opt/cpanel/ea-php83/root/usr/share/pear') in /home/indegnnk/task.emphxs.com/index.php:2
Stack trace:
#0 {main}
  thrown in /home/indegnnk/task.emphxs.com/index.php on line 2
[20-Dec-2025 14:30:10 UTC] PHP Warning:  require(/home/indegnnk/task.emphxs.com/wp-blog-header.php): Failed to open stream: No such file or directory in /home/indegnnk/task.emphxs.com/index.php on line 2
[20-Dec-2025 14:30:10 UTC] PHP Fatal error:  Uncaught Error: Failed opening required '/home/indegnnk/task.emphxs.com/wp-blog-header.php' (include_path='.:/opt/cpanel/ea-php83/root/usr/share/pear') in /home/indegnnk/task.emphxs.com/index.php:2
Stack trace:
#0 {main}
  thrown in /home/indegnnk/task.emphxs.com/index.php on line 2
[20-Dec-2025 14:30:56 UTC] PHP Warning:  require(/home/indegnnk/task.emphxs.com/wp-blog-header.php): Failed to open stream: No such file or directory in /home/indegnnk/task.emphxs.com/index.php on line 2
[20-Dec-2025 14:30:56 UTC] PHP Fatal error:  Uncaught Error: Failed opening required '/home/indegnnk/task.emphxs.com/wp-blog-header.php' (include_path='.:/opt/cpanel/ea-php83/root/usr/share/pear') in /home/indegnnk/task.emphxs.com/index.php:2
Stack trace:
#0 {main}
  thrown in /home/indegnnk/task.emphxs.com/index.php on line 2
[20-Dec-2025 14:31:21 UTC] PHP Warning:  require(/home/indegnnk/task.emphxs.com/wp-blog-header.php): Failed to open stream: No such file or directory in /home/indegnnk/task.emphxs.com/index.php on line 2
[20-Dec-2025 14:31:21 UTC] PHP Fatal error:  Uncaught Error: Failed opening required '/home/indegnnk/task.emphxs.com/wp-blog-header.php' (include_path='.:/opt/cpanel/ea-php83/root/usr/share/pear') in /home/indegnnk/task.emphxs.com/index.php:2
Stack trace:
#0 {main}
  thrown in /home/indegnnk/task.emphxs.com/index.php on line 2
[20-Dec-2025 14:32:39 UTC] PHP Warning:  require(/home/indegnnk/task.emphxs.com/wp-blog-header.php): Failed to open stream: No such file or directory in /home/indegnnk/task.emphxs.com/index.php on line 2
[20-Dec-2025 14:32:39 UTC] PHP Fatal error:  Uncaught Error: Failed opening required '/home/indegnnk/task.emphxs.com/wp-blog-header.php' (include_path='.:/opt/cpanel/ea-php83/root/usr/share/pear') in /home/indegnnk/task.emphxs.com/index.php:2
Stack trace:
#0 {main}
  thrown in /home/indegnnk/task.emphxs.com/index.php on line 2
[20-Dec-2025 14:35:32 UTC] PHP Warning:  require(/home/indegnnk/task.emphxs.com/wp-blog-header.php): Failed to open stream: No such file or directory in /home/indegnnk/task.emphxs.com/index.php on line 2
[20-Dec-2025 14:35:32 UTC] PHP Fatal error:  Uncaught Error: Failed opening required '/home/indegnnk/task.emphxs.com/wp-blog-header.php' (include_path='.:/opt/cpanel/ea-php83/root/usr/share/pear') in /home/indegnnk/task.emphxs.com/index.php:2
Stack trace:
#0 {main}
  thrown in /home/indegnnk/task.emphxs.com/index.php on line 2
[20-Dec-2025 14:36:16 UTC] PHP Warning:  require(/home/indegnnk/task.emphxs.com/wp-blog-header.php): Failed to open stream: No such file or directory in /home/indegnnk/task.emphxs.com/index.php on line 2
[20-Dec-2025 14:36:16 UTC] PHP Fatal error:  Uncaught Error: Failed opening required '/home/indegnnk/task.emphxs.com/wp-blog-header.php' (include_path='.:/opt/cpanel/ea-php83/root/usr/share/pear') in /home/indegnnk/task.emphxs.com/index.php:2
Stack trace:
#0 {main}
  thrown in /home/indegnnk/task.emphxs.com/index.php on line 2
[20-Dec-2025 14:37:10 UTC] PHP Warning:  require(/home/indegnnk/task.emphxs.com/wp-blog-header.php): Failed to open stream: No such file or directory in /home/indegnnk/task.emphxs.com/index.php on line 2
[20-Dec-2025 14:37:10 UTC] PHP Fatal error:  Uncaught Error: Failed opening required '/home/indegnnk/task.emphxs.com/wp-blog-header.php' (include_path='.:/opt/cpanel/ea-php83/root/usr/share/pear') in /home/indegnnk/task.emphxs.com/index.php:2
Stack trace:
#0 {main}
  thrown in /home/indegnnk/task.emphxs.com/index.php on line 2
[20-Dec-2025 14:37:44 UTC] PHP Warning:  require(/home/indegnnk/task.emphxs.com/wp-blog-header.php): Failed to open stream: No such file or directory in /home/indegnnk/task.emphxs.com/index.php on line 2
[20-Dec-2025 14:37:44 UTC] PHP Fatal error:  Uncaught Error: Failed opening required '/home/indegnnk/task.emphxs.com/wp-blog-header.php' (include_path='.:/opt/cpanel/ea-php83/root/usr/share/pear') in /home/indegnnk/task.emphxs.com/index.php:2
Stack trace:
#0 {main}
  thrown in /home/indegnnk/task.emphxs.com/index.php on line 2
[20-Dec-2025 14:38:04 UTC] PHP Warning:  require(/home/indegnnk/task.emphxs.com/wp-blog-header.php): Failed to open stream: No such file or directory in /home/indegnnk/task.emphxs.com/index.php on line 2
[20-Dec-2025 14:38:04 UTC] PHP Fatal error:  Uncaught Error: Failed opening required '/home/indegnnk/task.emphxs.com/wp-blog-header.php' (include_path='.:/opt/cpanel/ea-php83/root/usr/share/pear') in /home/indegnnk/task.emphxs.com/index.php:2
Stack trace:
#0 {main}
  thrown in /home/indegnnk/task.emphxs.com/index.php on line 2
[20-Dec-2025 14:38:18 UTC] PHP Warning:  require(/home/indegnnk/task.emphxs.com/wp-blog-header.php): Failed to open stream: No such file or directory in /home/indegnnk/task.emphxs.com/index.php on line 2
[20-Dec-2025 14:38:18 UTC] PHP Fatal error:  Uncaught Error: Failed opening required '/home/indegnnk/task.emphxs.com/wp-blog-header.php' (include_path='.:/opt/cpanel/ea-php83/root/usr/share/pear') in /home/indegnnk/task.emphxs.com/index.php:2
Stack trace:
#0 {main}
  thrown in /home/indegnnk/task.emphxs.com/index.php on line 2
[20-Dec-2025 14:38:49 UTC] PHP Warning:  require(/home/indegnnk/task.emphxs.com/wp-blog-header.php): Failed to open stream: No such file or directory in /home/indegnnk/task.emphxs.com/index.php on line 2
[20-Dec-2025 14:38:49 UTC] PHP Fatal error:  Uncaught Error: Failed opening required '/home/indegnnk/task.emphxs.com/wp-blog-header.php' (include_path='.:/opt/cpanel/ea-php83/root/usr/share/pear') in /home/indegnnk/task.emphxs.com/index.php:2
Stack trace:
#0 {main}
  thrown in /home/indegnnk/task.emphxs.com/index.php on line 2
[20-Dec-2025 14:39:04 UTC] PHP Warning:  require(/home/indegnnk/task.emphxs.com/wp-blog-header.php): Failed to open stream: No such file or directory in /home/indegnnk/task.emphxs.com/index.php on line 2
[20-Dec-2025 14:39:04 UTC] PHP Fatal error:  Uncaught Error: Failed opening required '/home/indegnnk/task.emphxs.com/wp-blog-header.php' (include_path='.:/opt/cpanel/ea-php83/root/usr/share/pear') in /home/indegnnk/task.emphxs.com/index.php:2
Stack trace:
#0 {main}
  thrown in /home/indegnnk/task.emphxs.com/index.php on line 2
[20-Dec-2025 14:42:16 UTC] PHP Warning:  require(/home/indegnnk/task.emphxs.com/wp-blog-header.php): Failed to open stream: No such file or directory in /home/indegnnk/task.emphxs.com/index.php on line 2
[20-Dec-2025 14:42:16 UTC] PHP Fatal error:  Uncaught Error: Failed opening required '/home/indegnnk/task.emphxs.com/wp-blog-header.php' (include_path='.:/opt/cpanel/ea-php83/root/usr/share/pear') in /home/indegnnk/task.emphxs.com/index.php:2
Stack trace:
#0 {main}
  thrown in /home/indegnnk/task.emphxs.com/index.php on line 2
[20-Dec-2025 14:42:32 UTC] PHP Warning:  Trying to access array offset on false in Command line code on line 1
[20-Dec-2025 14:43:06 UTC] PHP Warning:  require(/home/indegnnk/task.emphxs.com/wp-blog-header.php): Failed to open stream: No such file or directory in /home/indegnnk/task.emphxs.com/index.php on line 2
[20-Dec-2025 14:43:06 UTC] PHP Fatal error:  Uncaught Error: Failed opening required '/home/indegnnk/task.emphxs.com/wp-blog-header.php' (include_path='.:/opt/cpanel/ea-php83/root/usr/share/pear') in /home/indegnnk/task.emphxs.com/index.php:2
Stack trace:
#0 {main}
  thrown in /home/indegnnk/task.emphxs.com/index.php on line 2
[20-Dec-2025 14:43:53 UTC] PHP Warning:  require(/home/indegnnk/task.emphxs.com/wp-blog-header.php): Failed to open stream: No such file or directory in /home/indegnnk/task.emphxs.com/index.php on line 2
[20-Dec-2025 14:43:53 UTC] PHP Fatal error:  Uncaught Error: Failed opening required '/home/indegnnk/task.emphxs.com/wp-blog-header.php' (include_path='.:/opt/cpanel/ea-php83/root/usr/share/pear') in /home/indegnnk/task.emphxs.com/index.php:2
Stack trace:
#0 {main}
  thrown in /home/indegnnk/task.emphxs.com/index.php on line 2
[20-Dec-2025 14:44:05 UTC] PHP Warning:  require(/home/indegnnk/task.emphxs.com/wp-blog-header.php): Failed to open stream: No such file or directory in /home/indegnnk/task.emphxs.com/index.php on line 2
[20-Dec-2025 14:44:05 UTC] PHP Fatal error:  Uncaught Error: Failed opening required '/home/indegnnk/task.emphxs.com/wp-blog-header.php' (include_path='.:/opt/cpanel/ea-php83/root/usr/share/pear') in /home/indegnnk/task.emphxs.com/index.php:2
Stack trace:
#0 {main}
  thrown in /home/indegnnk/task.emphxs.com/index.php on line 2
[20-Dec-2025 14:44:27 UTC] PHP Warning:  require(/home/indegnnk/task.emphxs.com/wp-blog-header.php): Failed to open stream: No such file or directory in /home/indegnnk/task.emphxs.com/index.php on line 2
[20-Dec-2025 14:44:27 UTC] PHP Fatal error:  Uncaught Error: Failed opening required '/home/indegnnk/task.emphxs.com/wp-blog-header.php' (include_path='.:/opt/cpanel/ea-php83/root/usr/share/pear') in /home/indegnnk/task.emphxs.com/index.php:2
Stack trace:
#0 {main}
  thrown in /home/indegnnk/task.emphxs.com/index.php on line 2
